Found in the file: d:\javap\Nineteen.java at line 71
Found in the file: d:\javap\Amstrong.java at line 5
Found in the file: d:\javap\Ams.java at line 7
Found in the file: d:\javap\Ams.class at line 6
Found in the file: d:\javap\Amstrong.java at line 23
Found in the file: d:\javap\Amstrong.java at line 25
Found in the file: d:\javap\Demo.java at line 11
Found in the file: d:\javap\Demo.class at line 16
Found in the file: d:\javap\Demo.java at line 15
Found in the file: d:\javap\Demo.java at line 16
Found in the file: d:\javap\Demo.java at line 21
Found in the file: d:\javap\Demo.java at line 46
Found in the file: d:\javap\Demo.java at line 47
Found in the file: d:\javap\Eighteen.java at line 6
Found in the file: d:\javap\Demo.java at line 54
Found in the file: d:\javap\Bank.java at line 113
Found in the file: d:\javap\Demo.java at line 55
Found in the file: d:\javap\Eighteen.java at line 8
Found in the file: d:\javap\Eighteen.java at line 10
Found in the file: d:\javap\Eighteen.java at line 15
Found in the file: d:\javap\Factorial.class at line 4
Found in the file: d:\javap\Eighteen.java at line 22
Found in the file: d:\javap\Eighteen.java at line 28
Found in the file: d:\javap\Factorial.java at line 11
Found in the file: d:\javap\Eighteen.java at line 29
Found in the file: d:\javap\Eighteen.java at line 37
Found in the file: d:\javap\Eighteen.java at line 38
Found in the file: d:\javap\Fib.java at line 15
Found in the file: d:\javap\Eighteen.java at line 55
Found in the file: d:\javap\Eighteen.java at line 56
Found in the file: d:\javap\Fib.class at line 13
Found in the file: d:\javap\Amstrong.class at line 3
Found in the file: d:\javap\Amstrong.class at line 12
Found in the file: d:\javap\Pattern1.java at line 20
Found in the file: d:\javap\Pattern2.java at line 33
Found in the file: d:\javap\Pattern1.class at line 6
Found in the file: d:\javap\Pattern2.class at line 6
Found in the file: d:\javap\Pattern3.class at line 6
Found in the file: d:\javap\Prime.java at line 6
Found in the file: d:\javap\Pattern3.java at line 21
Found in the file: d:\javap\Prime.java at line 12
Found in the file: d:\javap\Prime.class at line 5
Found in the file: d:\javap\Prime.java at line 16
Found in the file: d:\javap\Prime.class at line 11
Found in the file: d:\javap\Prime.java at line 24
Found in the file: d:\javap\Savg.java at line 14
Found in the file: d:\javap\Savg.java at line 15
Found in the file: d:\javap\Savg.class at line 11
Found in the file: d:\javap\second.java at line 6
Found in the file: d:\javap\second.java at line 13
Found in the file: d:\javap\second.java at line 38
Found in the file: d:\javap\second.java at line 42
Found in the file: d:\javap\Sixteen.class at line 6
Found in the file: d:\javap\Sixteen.java at line 20
Found in the file: d:\javap\Sixteen.java at line 50
Found in the file: d:\javap\Student.class at line 10
Found in the file: d:\javap\TelephoneIndex.class at line 5
Found in the file: d:\javap\Tenth.class at line 6
Found in the file: d:\javap\Tenth.class at line 8
Found in the file: d:\javap\Tenth.class at line 11
Found in the file: d:\javap\Telephone.class at line 5
Found in the file: d:\javap\Tenth.java at line 55
Found in the file: d:\javap\Tenth.java at line 57
Found in the file: d:\javap\Tenth.java at line 60
Found in the file: d:\javap\Twenty.java at line 60
Found in the file: d:\javap\Twenty.java at line 61
Found in the file: d:\javap\Twenty.java at line 62
Found in the file: d:\javap\Twenty.java at line 63
Found in the file: d:\javap\Twenty.java at line 64
Found in the file: d:\javap\Twenty.java at line 65
Found in the file: d:\javap\Twenty.java at line 66
Found in the file: d:\javap\Twenty.java at line 67
Found in the file: d:\javap\Twenty.java at line 68
Found in the file: d:\javap\Twenty.java at line 71
Found in the file: d:\javap\Twenty.java at line 72
Found in the file: d:\javap\Twenty.java at line 73
Found in the file: d:\javap\Twenty.java at line 74
Found in the file: d:\javap\Twenty.java at line 77
Found in the file: d:\javap\Twenty.java at line 78
Found in the file: d:\javap\Twenty.java at line 79
Found in the file: d:\javap\Twenty.java at line 80
Found in the file: d:\javap\Eleven.java at line 12
Found in the file: d:\javap\Eleven.java at line 13
Found in the file: d:\javap\stu.java at line 56
Found in the file: d:\javap\Nineteen.java at line 113
Found in the file: d:\javap\Twenty.class at line 6
Found in the file: d:\javap\Twenty.class at line 8
Found in the file: d:\javap\Twenty.class at line 9
